2026-04-30 22:18:17,888 [INFO] 🚀 STARTING CEREBRAS TASK FORCE (v13 - MISSION 12: INSTITUTIONAL SEPARATION)
2026-04-30 22:18:17,888 [ERROR] Inventory file not found: inventory.txt
2026-04-30 22:18:17,888 [INFO] ✅ NO FILES FOUND. CHECK YOUR INVENTORY PATHS.
2026-04-30 22:18:36,388 [INFO] 🚀 STARTING CEREBRAS TASK FORCE (v13 - MISSION 12: INSTITUTIONAL SEPARATION)
2026-04-30 22:18:36,390 [INFO] [1/10] Auditing: VideoRoom.tsx
2026-04-30 22:18:43,611 [INFO] [2/10] Auditing: VideoTrack.tsx
2026-04-30 22:18:49,640 [INFO] [3/10] Auditing: LiveKitContext.tsx
2026-04-30 22:18:55,653 [INFO] [4/10] Auditing: VideoRoom.tsx
2026-04-30 22:19:01,663 [INFO] [5/10] Auditing: VideoTrack.tsx
2026-04-30 22:19:07,647 [INFO] [6/10] Auditing: LiveKitContext.tsx
2026-04-30 22:19:13,707 [INFO] [7/10] Auditing: index.ts
2026-04-30 22:19:19,725 [INFO] [8/10] Auditing: db.ts
2026-04-30 22:19:25,792 [INFO] [9/10] Auditing: socket.service.ts
2026-04-30 22:19:31,817 [INFO] [10/10] Auditing: lecture.controller.ts
2026-04-30 22:19:37,806 [INFO] ✅ MISSION 12 AUDIT COMPLETE. Report: stage_12_separation_report.md
2026-04-30 23:09:13,411 [INFO] 🚀 STARTING CEREBRAS TASK FORCE (v13 - MISSION 13: TEACHER SOVEREIGNTY)
2026-04-30 23:09:13,414 [INFO] [1/17] Auditing: App.tsx
2026-04-30 23:09:20,653 [INFO] [2/17] Auditing: index.css
2026-04-30 23:09:26,663 [INFO] [3/17] Auditing: main.tsx
2026-04-30 23:09:32,528 [INFO] [4/17] Auditing: ControlBar.tsx
2026-04-30 23:09:38,476 [INFO] [5/17] Auditing: Dashboard.tsx
2026-04-30 23:09:44,464 [INFO] [6/17] Auditing: JoinRoom.tsx
2026-04-30 23:09:50,368 [INFO] [7/17] Auditing: Login.tsx
2026-04-30 23:09:56,366 [INFO] [8/17] Auditing: ParticipantGrid.tsx
2026-04-30 23:10:02,540 [INFO] [9/17] Auditing: ParticipantTile.tsx
2026-04-30 23:10:08,419 [INFO] [10/17] Auditing: PictureInPicture.tsx
2026-04-30 23:10:14,333 [INFO] [11/17] Auditing: Register.tsx
2026-04-30 23:10:20,210 [INFO] [12/17] Auditing: TeacherDashboard.tsx
2026-04-30 23:10:26,126 [INFO] [13/17] Auditing: VideoRoom.tsx
2026-04-30 23:10:32,071 [INFO] [14/17] Auditing: VideoTrack.tsx
2026-04-30 23:10:37,944 [INFO] [15/17] Auditing: AuthContext.tsx
2026-04-30 23:10:43,862 [INFO] [16/17] Auditing: LiveKitContext.tsx
2026-04-30 23:10:49,959 [INFO] [17/17] Auditing: SocketContext.tsx
2026-04-30 23:10:55,841 [INFO] ✅ MISSION 13 AUDIT COMPLETE. Report: mission_13_separation_report.md
